0 info it worked if it ends with ok
1 verbose cli [ 'C:\\nodejs12.7npm2\\node.exe',
1 verbose cli   'C:\\nodejs12.7npm2\\node_modules\\npm\\bin\\npm-cli.js',
1 verbose cli   'start' ]
2 info using npm@3.7.3
3 info using node@v5.6.0
4 verbose run-script [ 'prestart', 'start', 'poststart' ]
5 info lifecycle btst@0.0.1~prestart: btst@0.0.1
6 silly lifecycle btst@0.0.1~prestart: no script for prestart, continuing
7 info lifecycle btst@0.0.1~start: btst@0.0.1
8 verbose lifecycle btst@0.0.1~start: unsafe-perm in lifecycle true
9 verbose lifecycle btst@0.0.1~start: PATH: c:\nvm\v0.12.7\node_modules\npm\bin\node-gyp-bin;D:\oldf\btst\node_modules\.bin;C:\nodejs12.7npm2;D:\cmder\bin;C:\Program Files\Git\bin;C:\Program Files\Git\usr\bin;C:\Program Files\Git\share\vim\vim74;D:\cmder\vendor\conemu-maximus5\ConEmu\Scripts;D:\cmder\vendor\conemu-maximus5;D:\cmder\vendor\conemu-maximus5\ConEmu;c:\program files (x86)\graphicsmagick-1.3.21-q8;C:\Ruby22-x64\bin;D:\Python27\;D:\Python27\Scripts;C:\Windows\system32;C:\Windows;C:\Windows\System32\Wbem;C:\Windows\System32\WindowsPowerShell\v1.0\;C:\Program Files (x86)\Intel\OpenCL SDK\3.0\bin\x86;C:\Program Files (x86)\Intel\OpenCL SDK\3.0\bin\x64;D:\olde\Program\ant\bin;%TFSPowerToolDir%;%BPADir%;C:\Program Files (x86)\Microsoft Visual Studio 10.0\Common7\IDE;C:\Program Files\TortoiseSVN\bin;D:\olde\projectA\source\web\ffmpeg\bin;C:\Program Files\nodejs\node_modules\casperjs\bin;C:\nvm;C:\nodejs12.7npm2;C:\nodejs\node_modules\casperjs\bin;C:\Tesseract-OCR;C:\NSIS;C:\NSIS\bin;D:\oldg\fmpp_0.9.14\bin\;D:\olde\projectA\source\web\myproject\doudou\.bin;C:\nvm;C:\nodejs12.7npm2;D:\olde\Program\jdk\jdk1.6.0_20\;D:\olde\Program\jdk\jdk1.6.0_20\bin;C:\Program Files (x86)\Fuse\;C:\Users\huangguangyao\AppData\Local\.meteor\;D:\cmder;D:\gogs;D:\MySQL\MySQL5.7\bin;C:\Program Files\Git\bin;C:\Program Files\Git\mingw64\libexec\git-core;D:\php;D:\php\ext;C:\Program Files\Microsoft\Web Platform Installer\;C:\ProgramData\chocolatey\bin;D:\Python27\;D:\Python27\Scripts;C:\Windows\system32;C:\Windows;C:\Windows\System32\Wbem;C:\Windows\System32\WindowsPowerShell\v1.0\;C:\Program Files (x86)\Intel\OpenCL SDK\3.0\bin\x86;C:\Program Files (x86)\Intel\OpenCL SDK\3.0\bin\x64;D:\olde\Program\jdk\jdk1.6.0_20\;D:\olde\Program\jdk\jdk1.6.0_20\\bin;D:\olde\Program\ant\bin;%TFSPowerToolDir%;%BPADir%;C:\Program Files (x86)\Microsoft Visual Studio 10.0\Common7\IDE;D:\olde\projectA\source\web;D:\olde\projectA\source\web;C:\Program Files\TortoiseSVN\bin;D:\olde\projectA\source\web\ffmpeg\bin;D:\Program Files (x86)\Microsoft VS Code\bin;C:\Program Files (x86)\Microsoft VS Code Insiders\bin;D:\cmder
10 verbose lifecycle btst@0.0.1~start: CWD: D:\oldf\btst
11 silly lifecycle btst@0.0.1~start: Args: [ '/d /s /c', 'gulp' ]
12 silly lifecycle btst@0.0.1~start: Returned: code: 1  signal: null
13 info lifecycle btst@0.0.1~start: Failed to exec start script
14 verbose stack Error: btst@0.0.1 start: `gulp`
14 verbose stack Exit status 1
14 verbose stack     at EventEmitter.<anonymous> (c:\nvm\v0.12.7\node_modules\npm\lib\utils\lifecycle.js:239:16)
14 verbose stack     at emitTwo (events.js:100:13)
14 verbose stack     at EventEmitter.emit (events.js:185:7)
14 verbose stack     at ChildProcess.<anonymous> (c:\nvm\v0.12.7\node_modules\npm\lib\utils\spawn.js:24:14)
14 verbose stack     at emitTwo (events.js:100:13)
14 verbose stack     at ChildProcess.emit (events.js:185:7)
14 verbose stack     at maybeClose (internal/child_process.js:827:16)
14 verbose stack     at Process.ChildProcess._handle.onexit (internal/child_process.js:211:5)
15 verbose pkgid btst@0.0.1
16 verbose cwd D:\oldf\btst
17 error Windows_NT 6.1.7601
18 error argv "C:\\nodejs12.7npm2\\node.exe" "C:\\nodejs12.7npm2\\node_modules\\npm\\bin\\npm-cli.js" "start"
19 error node v5.6.0
20 error npm  v3.7.3
21 error code ELIFECYCLE
22 error btst@0.0.1 start: `gulp`
22 error Exit status 1
23 error Failed at the btst@0.0.1 start script 'gulp'.
23 error Make sure you have the latest version of node.js and npm installed.
23 error If you do, this is most likely a problem with the btst package,
23 error not with npm itself.
23 error Tell the author that this fails on your system:
23 error     gulp
23 error You can get information on how to open an issue for this project with:
23 error     npm bugs btst
23 error Or if that isn't available, you can get their info via:
23 error     npm owner ls btst
23 error There is likely additional logging output above.
24 verbose exit [ 1, true ]
